2021-09-01 13:32:23 Wed - INFO - MainThread:3676 - base.py - start - Scheduler started
2021-09-01 13:34:21 Wed - INFO - Thread-3:25524 - base.py - _real_add_job - Added job "job13" to job store "default"
2021-09-01 13:34:32 Wed - INFO - ThreadPoolExecutor-0_0:31808 - base.py - run_job - Running job "job13 (trigger: interval[0:00:10], next run at: 2021-09-01 13:34:41 CST)" (scheduled at 2021-09-01 13:34:31.938304+08:00)
2021-09-01 13:34:32 Wed - INFO - ThreadPoolExecutor-0_0:31808 - base.py - run_job - Job "job13 (trigger: interval[0:00:10], next run at: 2021-09-01 13:34:41 CST)" executed successfully
2021-09-01 13:34:42 Wed - INFO - ThreadPoolExecutor-0_0:31808 - base.py - run_job - Running job "job13 (trigger: interval[0:00:10], next run at: 2021-09-01 13:34:51 CST)" (scheduled at 2021-09-01 13:34:41.938304+08:00)
2021-09-01 13:34:42 Wed - INFO - ThreadPoolExecutor-0_0:31808 - base.py - run_job - Job "job13 (trigger: interval[0:00:10], next run at: 2021-09-01 13:34:51 CST)" executed successfully
2021-09-01 13:34:52 Wed - INFO - ThreadPoolExecutor-0_0:31808 - base.py - run_job - Running job "job13 (trigger: interval[0:00:10], next run at: 2021-09-01 13:35:01 CST)" (scheduled at 2021-09-01 13:34:51.938304+08:00)
2021-09-01 13:34:52 Wed - INFO - ThreadPoolExecutor-0_0:31808 - base.py - run_job - Job "job13 (trigger: interval[0:00:10], next run at: 2021-09-01 13:35:01 CST)" executed successfully
2021-09-01 13:35:02 Wed - INFO - ThreadPoolExecutor-0_0:31808 - base.py - run_job - Running job "job13 (trigger: interval[0:00:10], next run at: 2021-09-01 13:35:11 CST)" (scheduled at 2021-09-01 13:35:01.938304+08:00)
2021-09-01 13:35:02 Wed - INFO - ThreadPoolExecutor-0_0:31808 - base.py - run_job - Job "job13 (trigger: interval[0:00:10], next run at: 2021-09-01 13:35:11 CST)" executed successfully
2021-09-01 13:35:12 Wed - INFO - ThreadPoolExecutor-0_0:31808 - base.py - run_job - Running job "job13 (trigger: interval[0:00:10], next run at: 2021-09-01 13:35:21 CST)" (scheduled at 2021-09-01 13:35:11.938304+08:00)
2021-09-01 13:35:12 Wed - INFO - ThreadPoolExecutor-0_0:31808 - base.py - run_job - Job "job13 (trigger: interval[0:00:10], next run at: 2021-09-01 13:35:21 CST)" executed successfully
2021-09-01 13:35:22 Wed - INFO - ThreadPoolExecutor-0_0:31808 - base.py - run_job - Running job "job13 (trigger: interval[0:00:10], next run at: 2021-09-01 13:35:31 CST)" (scheduled at 2021-09-01 13:35:21.938304+08:00)
2021-09-01 13:35:22 Wed - INFO - ThreadPoolExecutor-0_0:31808 - base.py - run_job - Job "job13 (trigger: interval[0:00:10], next run at: 2021-09-01 13:35:31 CST)" executed successfully
2021-09-01 13:35:32 Wed - INFO - ThreadPoolExecutor-0_0:31808 - base.py - run_job - Running job "job13 (trigger: interval[0:00:10], next run at: 2021-09-01 13:35:41 CST)" (scheduled at 2021-09-01 13:35:31.938304+08:00)
2021-09-01 13:35:32 Wed - INFO - ThreadPoolExecutor-0_0:31808 - base.py - run_job - Job "job13 (trigger: interval[0:00:10], next run at: 2021-09-01 13:35:41 CST)" executed successfully
2021-09-01 13:35:42 Wed - INFO - ThreadPoolExecutor-0_0:31808 - base.py - run_job - Running job "job13 (trigger: interval[0:00:10], next run at: 2021-09-01 13:35:51 CST)" (scheduled at 2021-09-01 13:35:41.938304+08:00)
2021-09-01 13:35:42 Wed - INFO - ThreadPoolExecutor-0_0:31808 - base.py - run_job - Job "job13 (trigger: interval[0:00:10], next run at: 2021-09-01 13:35:51 CST)" executed successfully
2021-09-01 13:35:52 Wed - INFO - ThreadPoolExecutor-0_0:31808 - base.py - run_job - Running job "job13 (trigger: interval[0:00:10], next run at: 2021-09-01 13:36:01 CST)" (scheduled at 2021-09-01 13:35:51.938304+08:00)
2021-09-01 13:35:52 Wed - INFO - ThreadPoolExecutor-0_0:31808 - base.py - run_job - Job "job13 (trigger: interval[0:00:10], next run at: 2021-09-01 13:36:01 CST)" executed successfully
2021-09-01 13:36:02 Wed - INFO - ThreadPoolExecutor-0_0:31808 - base.py - run_job - Running job "job13 (trigger: interval[0:00:10], next run at: 2021-09-01 13:36:11 CST)" (scheduled at 2021-09-01 13:36:01.938304+08:00)
2021-09-01 13:36:02 Wed - INFO - ThreadPoolExecutor-0_0:31808 - base.py - run_job - Job "job13 (trigger: interval[0:00:10], next run at: 2021-09-01 13:36:11 CST)" executed successfully
2021-09-01 13:36:12 Wed - INFO - ThreadPoolExecutor-0_0:31808 - base.py - run_job - Running job "job13 (trigger: interval[0:00:10], next run at: 2021-09-01 13:36:21 CST)" (scheduled at 2021-09-01 13:36:11.938304+08:00)
2021-09-01 13:36:12 Wed - INFO - ThreadPoolExecutor-0_0:31808 - base.py - run_job - Job "job13 (trigger: interval[0:00:10], next run at: 2021-09-01 13:36:21 CST)" executed successfully
2021-09-01 13:36:16 Wed - INFO - Thread-5:2780 - base.py - remove_job - Removed job job2
2021-09-01 13:36:41 Wed - INFO - Thread-8:10708 - base.py - _real_add_job - Added job "job13" to job store "default"
2021-09-01 13:36:51 Wed - INFO - ThreadPoolExecutor-0_0:31808 - base.py - run_job - Running job "job13 (trigger: interval[0:00:10], next run at: 2021-09-01 13:37:01 CST)" (scheduled at 2021-09-01 13:36:51.624740+08:00)
2021-09-01 13:36:51 Wed - INFO - ThreadPoolExecutor-0_0:31808 - base.py - run_job - Job "job13 (trigger: interval[0:00:10], next run at: 2021-09-01 13:37:01 CST)" executed successfully
2021-09-01 13:37:01 Wed - INFO - ThreadPoolExecutor-0_0:31808 - base.py - run_job - Running job "job13 (trigger: interval[0:00:10], next run at: 2021-09-01 13:37:11 CST)" (scheduled at 2021-09-01 13:37:01.624740+08:00)
2021-09-01 13:37:01 Wed - INFO - ThreadPoolExecutor-0_0:31808 - base.py - run_job - Job "job13 (trigger: interval[0:00:10], next run at: 2021-09-01 13:37:11 CST)" executed successfully
2021-09-01 13:37:11 Wed - INFO - ThreadPoolExecutor-0_0:31808 - base.py - run_job - Running job "job13 (trigger: interval[0:00:10], next run at: 2021-09-01 13:37:21 CST)" (scheduled at 2021-09-01 13:37:11.624740+08:00)
2021-09-01 13:37:11 Wed - INFO - ThreadPoolExecutor-0_0:31808 - base.py - run_job - Job "job13 (trigger: interval[0:00:10], next run at: 2021-09-01 13:37:21 CST)" executed successfully
2021-09-01 13:37:21 Wed - INFO - ThreadPoolExecutor-0_0:31808 - base.py - run_job - Running job "job13 (trigger: interval[0:00:10], next run at: 2021-09-01 13:37:31 CST)" (scheduled at 2021-09-01 13:37:21.624740+08:00)
2021-09-01 13:37:21 Wed - INFO - ThreadPoolExecutor-0_0:31808 - base.py - run_job - Job "job13 (trigger: interval[0:00:10], next run at: 2021-09-01 13:37:31 CST)" executed successfully
2021-09-01 13:37:31 Wed - INFO - ThreadPoolExecutor-0_0:31808 - base.py - run_job - Running job "job13 (trigger: interval[0:00:10], next run at: 2021-09-01 13:37:41 CST)" (scheduled at 2021-09-01 13:37:31.624740+08:00)
2021-09-01 13:37:31 Wed - INFO - ThreadPoolExecutor-0_0:31808 - base.py - run_job - Job "job13 (trigger: interval[0:00:10], next run at: 2021-09-01 13:37:41 CST)" executed successfully
2021-09-01 13:39:24 Wed - INFO - MainThread:17104 - base.py - start - Scheduler started
2021-09-01 14:50:09 Wed - INFO - MainThread:31520 - base.py - start - Scheduler started
2021-09-01 15:01:23 Wed - INFO - Thread-2:34752 - base.py - _real_add_job - Added job "job13" to job store "default"
2021-09-01 15:01:33 Wed - INFO - ThreadPoolExecutor-0_0:16468 - base.py - run_job - Running job "job13 (trigger: interval[0:00:10], next run at: 2021-09-01 15:01:33 CST)" (scheduled at 2021-09-01 15:01:33.831769+08:00)
2021-09-01 15:01:34 Wed - INFO - ThreadPoolExecutor-0_0:16468 - base.py - run_job - Job "job13 (trigger: interval[0:00:10], next run at: 2021-09-01 15:01:43 CST)" executed successfully
2021-09-01 15:01:43 Wed - INFO - ThreadPoolExecutor-0_0:16468 - base.py - run_job - Running job "job13 (trigger: interval[0:00:10], next run at: 2021-09-01 15:01:53 CST)" (scheduled at 2021-09-01 15:01:43.831769+08:00)
2021-09-01 15:01:44 Wed - INFO - ThreadPoolExecutor-0_0:16468 - base.py - run_job - Job "job13 (trigger: interval[0:00:10], next run at: 2021-09-01 15:01:53 CST)" executed successfully
2021-09-01 15:01:53 Wed - INFO - ThreadPoolExecutor-0_0:16468 - base.py - run_job - Running job "job13 (trigger: interval[0:00:10], next run at: 2021-09-01 15:02:03 CST)" (scheduled at 2021-09-01 15:01:53.831769+08:00)
2021-09-01 15:01:54 Wed - INFO - ThreadPoolExecutor-0_0:16468 - base.py - run_job - Job "job13 (trigger: interval[0:00:10], next run at: 2021-09-01 15:02:03 CST)" executed successfully
2021-09-01 15:02:03 Wed - INFO - ThreadPoolExecutor-0_0:16468 - base.py - run_job - Running job "job13 (trigger: interval[0:00:10], next run at: 2021-09-01 15:02:13 CST)" (scheduled at 2021-09-01 15:02:03.831769+08:00)
2021-09-01 15:02:04 Wed - INFO - ThreadPoolExecutor-0_0:16468 - base.py - run_job - Job "job13 (trigger: interval[0:00:10], next run at: 2021-09-01 15:02:13 CST)" executed successfully
2021-09-01 15:02:13 Wed - INFO - ThreadPoolExecutor-0_0:16468 - base.py - run_job - Running job "job13 (trigger: interval[0:00:10], next run at: 2021-09-01 15:02:23 CST)" (scheduled at 2021-09-01 15:02:13.831769+08:00)
2021-09-01 15:02:14 Wed - INFO - ThreadPoolExecutor-0_0:16468 - base.py - run_job - Job "job13 (trigger: interval[0:00:10], next run at: 2021-09-01 15:02:23 CST)" executed successfully
2021-09-01 15:02:23 Wed - INFO - ThreadPoolExecutor-0_0:16468 - base.py - run_job - Running job "job13 (trigger: interval[0:00:10], next run at: 2021-09-01 15:02:33 CST)" (scheduled at 2021-09-01 15:02:23.831769+08:00)
2021-09-01 15:02:24 Wed - INFO - ThreadPoolExecutor-0_0:16468 - base.py - run_job - Job "job13 (trigger: interval[0:00:10], next run at: 2021-09-01 15:02:33 CST)" executed successfully
2021-09-01 15:02:33 Wed - INFO - ThreadPoolExecutor-0_0:16468 - base.py - run_job - Running job "job13 (trigger: interval[0:00:10], next run at: 2021-09-01 15:02:43 CST)" (scheduled at 2021-09-01 15:02:33.831769+08:00)
2021-09-01 15:02:34 Wed - INFO - ThreadPoolExecutor-0_0:16468 - base.py - run_job - Job "job13 (trigger: interval[0:00:10], next run at: 2021-09-01 15:02:43 CST)" executed successfully
2021-09-01 15:02:43 Wed - INFO - ThreadPoolExecutor-0_0:16468 - base.py - run_job - Running job "job13 (trigger: interval[0:00:10], next run at: 2021-09-01 15:02:53 CST)" (scheduled at 2021-09-01 15:02:43.831769+08:00)
2021-09-01 15:02:44 Wed - INFO - ThreadPoolExecutor-0_0:16468 - base.py - run_job - Job "job13 (trigger: interval[0:00:10], next run at: 2021-09-01 15:02:53 CST)" executed successfully
2021-09-01 15:02:53 Wed - INFO - ThreadPoolExecutor-0_0:16468 - base.py - run_job - Running job "job13 (trigger: interval[0:00:10], next run at: 2021-09-01 15:03:03 CST)" (scheduled at 2021-09-01 15:02:53.831769+08:00)
2021-09-01 15:02:54 Wed - INFO - ThreadPoolExecutor-0_0:16468 - base.py - run_job - Job "job13 (trigger: interval[0:00:10], next run at: 2021-09-01 15:03:03 CST)" executed successfully
2021-09-01 15:03:03 Wed - INFO - ThreadPoolExecutor-0_0:16468 - base.py - run_job - Running job "job13 (trigger: interval[0:00:10], next run at: 2021-09-01 15:03:13 CST)" (scheduled at 2021-09-01 15:03:03.831769+08:00)
2021-09-01 15:03:04 Wed - INFO - ThreadPoolExecutor-0_0:16468 - base.py - run_job - Job "job13 (trigger: interval[0:00:10], next run at: 2021-09-01 15:03:13 CST)" executed successfully
2021-09-01 15:03:13 Wed - INFO - ThreadPoolExecutor-0_0:16468 - base.py - run_job - Running job "job13 (trigger: interval[0:00:10], next run at: 2021-09-01 15:03:23 CST)" (scheduled at 2021-09-01 15:03:13.831769+08:00)
2021-09-01 15:03:14 Wed - INFO - ThreadPoolExecutor-0_0:16468 - base.py - run_job - Job "job13 (trigger: interval[0:00:10], next run at: 2021-09-01 15:03:23 CST)" executed successfully
2021-09-01 15:03:23 Wed - INFO - ThreadPoolExecutor-0_0:16468 - base.py - run_job - Running job "job13 (trigger: interval[0:00:10], next run at: 2021-09-01 15:03:33 CST)" (scheduled at 2021-09-01 15:03:23.831769+08:00)
2021-09-01 15:03:24 Wed - INFO - ThreadPoolExecutor-0_0:16468 - base.py - run_job - Job "job13 (trigger: interval[0:00:10], next run at: 2021-09-01 15:03:33 CST)" executed successfully
2021-09-01 15:03:33 Wed - INFO - ThreadPoolExecutor-0_0:16468 - base.py - run_job - Running job "job13 (trigger: interval[0:00:10], next run at: 2021-09-01 15:03:43 CST)" (scheduled at 2021-09-01 15:03:33.831769+08:00)
2021-09-01 15:03:34 Wed - INFO - ThreadPoolExecutor-0_0:16468 - base.py - run_job - Job "job13 (trigger: interval[0:00:10], next run at: 2021-09-01 15:03:43 CST)" executed successfully
2021-09-01 15:03:43 Wed - INFO - ThreadPoolExecutor-0_0:16468 - base.py - run_job - Running job "job13 (trigger: interval[0:00:10], next run at: 2021-09-01 15:03:53 CST)" (scheduled at 2021-09-01 15:03:43.831769+08:00)
2021-09-01 15:03:44 Wed - INFO - ThreadPoolExecutor-0_0:16468 - base.py - run_job - Job "job13 (trigger: interval[0:00:10], next run at: 2021-09-01 15:03:53 CST)" executed successfully
2021-09-01 15:35:11 Wed - INFO - MainThread:5252 - base.py - start - Scheduler started
